INFO:root:Error: 404 Client Error: Not Found for url: https://alphafold.ebi.ac.uk/api/prediction/P18433-2
INFO:root:Failed to retrieve protein information.
INFO:root:Error: 404 Client Error: Not Found for url: https://alphafold.ebi.ac.uk/api/prediction/Q02297-6
INFO:root:Failed to retrieve protein information.
INFO:root:Error: 404 Client Error: Not Found for url: https://alphafold.ebi.ac.uk/api/prediction/P28329-3
INFO:root:Failed to retrieve protein information.
INFO:root:Error: 404 Client Error: Not Found for url: https://alphafold.ebi.ac.uk/api/prediction/P11413-3
INFO:root:Failed to retrieve protein information.
INFO:root:Error: 404 Client Error: Not Found for url: https://alphafold.ebi.ac.uk/api/prediction/Q96D96-4
INFO:root:Failed to retrieve protein information.
INFO:root:Error: 404 Client Error: Not Found for url: https://alphafold.ebi.ac.uk/api/prediction/P29353-2
INFO:root:Failed to retrieve protein information.
INFO:root:Error: 404 Client Error: Not Found for url: https://alphafold.ebi.ac.uk/api/prediction/O15350-2
INFO:root:Failed to retrieve protein information.
INFO:root:Error: 404 Client Error: Not Found for url: https://alphafold.ebi.ac.uk/api/prediction/Q96PH1-4
INFO:root:Failed to retrieve protein information.
INFO:root:Error: 404 Client Error: Not Found for url: https://alphafold.ebi.ac.uk/api/prediction/P07101-4
INFO:root:Failed to retrieve protein information.
INFO:root:Error: 404 Client Error: Not Found for url: https://alphafold.ebi.ac.uk/api/prediction/F1PEE8
INFO:root:Failed to retrieve protein information.
INFO:root:Error: 404 Client Error: Not Found for url: https://alphafold.ebi.ac.uk/api/prediction/Q92736
INFO:root:Failed to retrieve protein information.
INFO:root:Error: 404 Client Error: Not Found for url: https://alphafold.ebi.ac.uk/api/prediction/P15337-1
INFO:root:Failed to retrieve protein information.
INFO:root:Error: 404 Client Error: Not Found for url: https://alphafold.ebi.ac.uk/api/prediction/B0LPN4
INFO:root:Failed to retrieve protein information.
INFO:root:Error: 404 Client Error: Not Found for url: https://alphafold.ebi.ac.uk/api/prediction/O43526-4
INFO:root:Failed to retrieve protein information.
INFO:root:Error: 404 Client Error: Not Found for url: https://alphafold.ebi.ac.uk/api/prediction/E9Q401
INFO:root:Failed to retrieve protein information.
INFO:root:Error: 404 Client Error: Not Found for url: https://alphafold.ebi.ac.uk/api/prediction/O14490-2
INFO:root:Failed to retrieve protein information.
INFO:root:Error: 404 Client Error: Not Found for url: https://alphafold.ebi.ac.uk/api/prediction/P29995
INFO:root:Failed to retrieve protein information.
INFO:root:Error: 404 Client Error: Not Found for url: https://alphafold.ebi.ac.uk/api/prediction/Q9UQM7-2
INFO:root:Failed to retrieve protein information.
INFO:root:Error: 404 Client Error: Not Found for url: https://alphafold.ebi.ac.uk/api/prediction/BAA34185.2
INFO:root:Failed to retrieve protein information.
INFO:root:Error: 404 Client Error: Not Found for url: https://alphafold.ebi.ac.uk/api/prediction/P15381-4
INFO:root:Failed to retrieve protein information.
INFO:root:Error: 404 Client Error: Not Found for url: https://alphafold.ebi.ac.uk/api/prediction/Q00005-2
INFO:root:Failed to retrieve protein information.
INFO:root:Error: 404 Client Error: Not Found for url: https://alphafold.ebi.ac.uk/api/prediction/P07101-3
INFO:root:Failed to retrieve protein information.
INFO:root:Error: 404 Client Error: Not Found for url: https://alphafold.ebi.ac.uk/api/prediction/P08485
INFO:root:Failed to retrieve protein information.
INFO:root:Error: 404 Client Error: Not Found for url: https://alphafold.ebi.ac.uk/api/prediction/P10636-8
INFO:root:Failed to retrieve protein information.
INFO:root:Error: 404 Client Error: Not Found for url: https://alphafold.ebi.ac.uk/api/prediction/P42892-3
INFO:root:Failed to retrieve protein information.
INFO:root:Error: 404 Client Error: Not Found for url: https://alphafold.ebi.ac.uk/api/prediction/P17096-2
INFO:root:Failed to retrieve protein information.
INFO:root:Error: 404 Client Error: Not Found for url: https://alphafold.ebi.ac.uk/api/prediction/P37238-2
INFO:root:Failed to retrieve protein information.
INFO:root:Error: 404 Client Error: Not Found for url: https://alphafold.ebi.ac.uk/api/prediction/P54252-1
INFO:root:Failed to retrieve protein information.
INFO:root:Error: 404 Client Error: Not Found for url: https://alphafold.ebi.ac.uk/api/prediction/P42858
INFO:root:Failed to retrieve protein information.
INFO:root:Error: 404 Client Error: Not Found for url: https://alphafold.ebi.ac.uk/api/prediction/Q92796-2
INFO:root:Failed to retrieve protein information.
INFO:root:Error: 404 Client Error: Not Found for url: https://alphafold.ebi.ac.uk/api/prediction/O43852-15
INFO:root:Failed to retrieve protein information.
INFO:root:Error: 404 Client Error: Not Found for url: https://alphafold.ebi.ac.uk/api/prediction/Q92784-2
INFO:root:Failed to retrieve protein information.
INFO:root:Error: 404 Client Error: Not Found for url: https://alphafold.ebi.ac.uk/api/prediction/P49321-2
INFO:root:Failed to retrieve protein information.
INFO:root:Error: 404 Client Error: Not Found for url: https://alphafold.ebi.ac.uk/api/prediction/P63058_OBS
INFO:root:Failed to retrieve protein information.
INFO:root:Error: 404 Client Error: Not Found for url: https://alphafold.ebi.ac.uk/api/prediction/P32120-2
INFO:root:Failed to retrieve protein information.
INFO:root:Error: 404 Client Error: Not Found for url: https://alphafold.ebi.ac.uk/api/prediction/Q01105-2
INFO:root:Failed to retrieve protein information.
INFO:root:Error: 404 Client Error: Not Found for url: https://alphafold.ebi.ac.uk/api/prediction/P02751-1
INFO:root:Failed to retrieve protein information.
INFO:root:Error: 404 Client Error: Not Found for url: https://alphafold.ebi.ac.uk/api/prediction/Q04637-8
INFO:root:Failed to retrieve protein information.
INFO:root:Error: 404 Client Error: Not Found for url: https://alphafold.ebi.ac.uk/api/prediction/Q86Y07-2
INFO:root:Failed to retrieve protein information.
INFO:root:Error: 404 Client Error: Not Found for url: https://alphafold.ebi.ac.uk/api/prediction/Q9NS23-2
INFO:root:Failed to retrieve protein information.
INFO:root:Error: 404 Client Error: Not Found for url: https://alphafold.ebi.ac.uk/api/prediction/P46937-2
INFO:root:Failed to retrieve protein information.
INFO:root:Error: 404 Client Error: Not Found for url: https://alphafold.ebi.ac.uk/api/prediction/Q06210-2
INFO:root:Failed to retrieve protein information.
INFO:root:Error: 404 Client Error: Not Found for url: https://alphafold.ebi.ac.uk/api/prediction/P49816-2
INFO:root:Failed to retrieve protein information.
INFO:root:Error: 404 Client Error: Not Found for url: https://alphafold.ebi.ac.uk/api/prediction/Q9BUB5-2
INFO:root:Failed to retrieve protein information.
INFO:root:Error: 404 Client Error: Not Found for url: https://alphafold.ebi.ac.uk/api/prediction/P28028-1
INFO:root:Failed to retrieve protein information.
INFO:root:Error: 404 Client Error: Not Found for url: https://alphafold.ebi.ac.uk/api/prediction/Q9UJF2-2
INFO:root:Failed to retrieve protein information.
INFO:root:Error: 404 Client Error: Not Found for url: https://alphafold.ebi.ac.uk/api/prediction/P36956-3
INFO:root:Failed to retrieve protein information.
INFO:root:Error: 404 Client Error: Not Found for url: https://alphafold.ebi.ac.uk/api/prediction/P26358-2
INFO:root:Failed to retrieve protein information.
INFO:root:Error: 404 Client Error: Not Found for url: https://alphafold.ebi.ac.uk/api/prediction/P14270-6
INFO:root:Failed to retrieve protein information.
INFO:root:Error: 404 Client Error: Not Found for url: https://alphafold.ebi.ac.uk/api/prediction/Q08460-4
INFO:root:Failed to retrieve protein information.
INFO:root:Error: 404 Client Error: Not Found for url: https://alphafold.ebi.ac.uk/api/prediction/Q9H3D4-2
INFO:root:Failed to retrieve protein information.
INFO:root:Error: 404 Client Error: Not Found for url: https://alphafold.ebi.ac.uk/api/prediction/P25054
INFO:root:Failed to retrieve protein information.
INFO:root:Error: 404 Client Error: Not Found for url: https://alphafold.ebi.ac.uk/api/prediction/O60716-3
INFO:root:Failed to retrieve protein information.
INFO:root:Error: 404 Client Error: Not Found for url: https://alphafold.ebi.ac.uk/api/prediction/P12928-2
INFO:root:Failed to retrieve protein information.
INFO:root:Error: 404 Client Error: Not Found for url: https://alphafold.ebi.ac.uk/api/prediction/P11716
INFO:root:Failed to retrieve protein information.
INFO:root:Error: 404 Client Error: Not Found for url: https://alphafold.ebi.ac.uk/api/prediction/A9UF07
INFO:root:Failed to retrieve protein information.
INFO:root:Error: 404 Client Error: Not Found for url: https://alphafold.ebi.ac.uk/api/prediction/Q8WWI1-3
INFO:root:Failed to retrieve protein information.
INFO:root:Error: 404 Client Error: Not Found for url: https://alphafold.ebi.ac.uk/api/prediction/P05771-2
INFO:root:Failed to retrieve protein information.
INFO:root:Error: 404 Client Error: Not Found for url: https://alphafold.ebi.ac.uk/api/prediction/O15417
INFO:root:Failed to retrieve protein information.
INFO:root:Error: 404 Client Error: Not Found for url: https://alphafold.ebi.ac.uk/api/prediction/Q96L91
INFO:root:Failed to retrieve protein information.
INFO:root:Error: 404 Client Error: Not Found for url: https://alphafold.ebi.ac.uk/api/prediction/P78559
INFO:root:Failed to retrieve protein information.
INFO:root:Error: 404 Client Error: Not Found for url: https://alphafold.ebi.ac.uk/api/prediction/Q92993-2
INFO:root:Failed to retrieve protein information.
INFO:root:Error: 404 Client Error: Not Found for url: https://alphafold.ebi.ac.uk/api/prediction/P36969
INFO:root:Failed to retrieve protein information.
INFO:root:Error: 404 Client Error: Not Found for url: https://alphafold.ebi.ac.uk/api/prediction/P62991
INFO:root:Failed to retrieve protein information.
INFO:root:Error: 404 Client Error: Not Found for url: https://alphafold.ebi.ac.uk/api/prediction/P62988
INFO:root:Failed to retrieve protein information.
INFO:root:Error: 404 Client Error: Not Found for url: https://alphafold.ebi.ac.uk/api/prediction/Q0VBL6-2
INFO:root:Failed to retrieve protein information.
INFO:root:Error: 404 Client Error: Not Found for url: https://alphafold.ebi.ac.uk/api/prediction/AAA40678
INFO:root:Failed to retrieve protein information.
INFO:root:Error: 404 Client Error: Not Found for url: https://alphafold.ebi.ac.uk/api/prediction/Q9NQC3-2
INFO:root:Failed to retrieve protein information.
INFO:root:Error: 404 Client Error: Not Found for url: https://alphafold.ebi.ac.uk/api/prediction/P07101-2
INFO:root:Failed to retrieve protein information.
INFO:root:Error: 404 Client Error: Not Found for url: https://alphafold.ebi.ac.uk/api/prediction/Q08499-6
INFO:root:Failed to retrieve protein information.
INFO:root:Error: 404 Client Error: Not Found for url: https://alphafold.ebi.ac.uk/api/prediction/P27448-3
INFO:root:Failed to retrieve protein information.
INFO:root:Error: 404 Client Error: Not Found for url: https://alphafold.ebi.ac.uk/api/prediction/P01116-2
INFO:root:Failed to retrieve protein information.
INFO:root:Error: 404 Client Error: Not Found for url: https://alphafold.ebi.ac.uk/api/prediction/Q5VST9
INFO:root:Failed to retrieve protein information.
INFO:root:Error: 404 Client Error: Not Found for url: https://alphafold.ebi.ac.uk/api/prediction/P46013
INFO:root:Failed to retrieve protein information.
INFO:root:Error: 404 Client Error: Not Found for url: https://alphafold.ebi.ac.uk/api/prediction/Q9P2D1
INFO:root:Failed to retrieve protein information.
INFO:root:Error: 404 Client Error: Not Found for url: https://alphafold.ebi.ac.uk/api/prediction/Q9UQ35
INFO:root:Failed to retrieve protein information.
INFO:root:Error: 404 Client Error: Not Found for url: https://alphafold.ebi.ac.uk/api/prediction/Q96T58
INFO:root:Failed to retrieve protein information.
INFO:root:Error: 404 Client Error: Not Found for url: https://alphafold.ebi.ac.uk/api/prediction/Q9Y520
INFO:root:Failed to retrieve protein information.
INFO:root:Error: 404 Client Error: Not Found for url: https://alphafold.ebi.ac.uk/api/prediction/Q8IY67-2
INFO:root:Failed to retrieve protein information.
INFO:root:Error: 404 Client Error: Not Found for url: https://alphafold.ebi.ac.uk/api/prediction/Q6UB98-2
INFO:root:Failed to retrieve protein information.
INFO:root:Error: 404 Client Error: Not Found for url: https://alphafold.ebi.ac.uk/api/prediction/O75592
INFO:root:Failed to retrieve protein information.
INFO:root:Error: 404 Client Error: Not Found for url: https://alphafold.ebi.ac.uk/api/prediction/P49792
INFO:root:Failed to retrieve protein information.
INFO:root:Error: 404 Client Error: Not Found for url: https://alphafold.ebi.ac.uk/api/prediction/P03126
INFO:root:Failed to retrieve protein information.
INFO:root:Error: 404 Client Error: Not Found for url: https://alphafold.ebi.ac.uk/api/prediction/Q9UK53-2
INFO:root:Failed to retrieve protein information.
INFO:root:Error: 404 Client Error: Not Found for url: https://alphafold.ebi.ac.uk/api/prediction/P15822
INFO:root:Failed to retrieve protein information.
INFO:root:Error: 404 Client Error: Not Found for url: https://alphafold.ebi.ac.uk/api/prediction/P78348-1
INFO:root:Failed to retrieve protein information.
INFO:root:Error: 404 Client Error: Not Found for url: https://alphafold.ebi.ac.uk/api/prediction/Q08499-2
INFO:root:Failed to retrieve protein information.
INFO:root:Error: 404 Client Error: Not Found for url: https://alphafold.ebi.ac.uk/api/prediction/P11497-2
INFO:root:Failed to retrieve protein information.
INFO:root:Error: 404 Client Error: Not Found for url: https://alphafold.ebi.ac.uk/api/prediction/P21731-2
INFO:root:Failed to retrieve protein information.
INFO:root:Error: 404 Client Error: Not Found for url: https://alphafold.ebi.ac.uk/api/prediction/P11881
INFO:root:Failed to retrieve protein information.
INFO:root:Error: 404 Client Error: Not Found for url: https://alphafold.ebi.ac.uk/api/prediction/Q9NXR1-1
INFO:root:Failed to retrieve protein information.
INFO:root:Error: 404 Client Error: Not Found for url: https://alphafold.ebi.ac.uk/api/prediction/XP_008773743
INFO:root:Failed to retrieve protein information.
INFO:root:Error: 404 Client Error: Not Found for url: https://alphafold.ebi.ac.uk/api/prediction/P10636-2
INFO:root:Failed to retrieve protein information.
INFO:root:Error: 404 Client Error: Not Found for url: https://alphafold.ebi.ac.uk/api/prediction/P15146-3
INFO:root:Failed to retrieve protein information.
INFO:root:Error: 404 Client Error: Not Found for url: https://alphafold.ebi.ac.uk/api/prediction/Q02080-2
INFO:root:Failed to retrieve protein information.
INFO:root:Error: 404 Client Error: Not Found for url: https://alphafold.ebi.ac.uk/api/prediction/Q676U5-3
INFO:root:Failed to retrieve protein information.
INFO:root:Error: 404 Client Error: Not Found for url: https://alphafold.ebi.ac.uk/api/prediction/Q6ZWR6
INFO:root:Failed to retrieve protein information.
INFO:root:Error: 404 Client Error: Not Found for url: https://alphafold.ebi.ac.uk/api/prediction/A2ASS6
INFO:root:Failed to retrieve protein information.
INFO:root:Error: 404 Client Error: Not Found for url: https://alphafold.ebi.ac.uk/api/prediction/P29994
INFO:root:Failed to retrieve protein information.
INFO:root:Error: 404 Client Error: Not Found for url: https://alphafold.ebi.ac.uk/api/prediction/Q08493-2
INFO:root:Failed to retrieve protein information.
INFO:root:Error: 404 Client Error: Not Found for url: https://alphafold.ebi.ac.uk/api/prediction/P56720-1
INFO:root:Failed to retrieve protein information.
INFO:root:Error: 404 Client Error: Not Found for url: https://alphafold.ebi.ac.uk/api/prediction/Q676U5-2
INFO:root:Failed to retrieve protein information.
INFO:root:Error: 404 Client Error: Not Found for url: https://alphafold.ebi.ac.uk/api/prediction/P35560-2
INFO:root:Failed to retrieve protein information.
INFO:root:Error: 404 Client Error: Not Found for url: https://alphafold.ebi.ac.uk/api/prediction/NP_579829
INFO:root:Failed to retrieve protein information.
INFO:root:Error: 404 Client Error: Not Found for url: https://alphafold.ebi.ac.uk/api/prediction/P51448-2
INFO:root:Failed to retrieve protein information.
INFO:root:Error: 404 Client Error: Not Found for url: https://alphafold.ebi.ac.uk/api/prediction/Q12802
INFO:root:Failed to retrieve protein information.
INFO:root:Error: 404 Client Error: Not Found for url: https://alphafold.ebi.ac.uk/api/prediction/P98161
INFO:root:Failed to retrieve protein information.
INFO:root:Error: 404 Client Error: Not Found for url: https://alphafold.ebi.ac.uk/api/prediction/Q99996
INFO:root:Failed to retrieve protein information.
INFO:root:Error: 404 Client Error: Not Found for url: https://alphafold.ebi.ac.uk/api/prediction/P60174-3
INFO:root:Failed to retrieve protein information.
INFO:root:Error: 404 Client Error: Not Found for url: https://alphafold.ebi.ac.uk/api/prediction/E9PZQ0
INFO:root:Failed to retrieve protein information.
INFO:root:Error: 404 Client Error: Not Found for url: https://alphafold.ebi.ac.uk/api/prediction/Q05086-2
INFO:root:Failed to retrieve protein information.
INFO:root:Error: 404 Client Error: Not Found for url: https://alphafold.ebi.ac.uk/api/prediction/Q06124-1
INFO:root:Failed to retrieve protein information.
INFO:root:Error: 404 Client Error: Not Found for url: https://alphafold.ebi.ac.uk/api/prediction/Q07954
INFO:root:Failed to retrieve protein information.
INFO:root:Error: 404 Client Error: Not Found for url: https://alphafold.ebi.ac.uk/api/prediction/Q0PCR6
INFO:root:Failed to retrieve protein information.
INFO:root:Error: 404 Client Error: Not Found for url: https://alphafold.ebi.ac.uk/api/prediction/Q08499-7
INFO:root:Failed to retrieve protein information.
INFO:root:Error: 404 Client Error: Not Found for url: https://alphafold.ebi.ac.uk/api/prediction/Q9Y233-2
INFO:root:Failed to retrieve protein information.
INFO:root:Error: 404 Client Error: Not Found for url: https://alphafold.ebi.ac.uk/api/prediction/Q8WZ42
INFO:root:Failed to retrieve protein information.
INFO:root:Error: 404 Client Error: Not Found for url: https://alphafold.ebi.ac.uk/api/prediction/Q99NE5-7
INFO:root:Failed to retrieve protein information.
INFO:root:Error: 404 Client Error: Not Found for url: https://alphafold.ebi.ac.uk/api/prediction/P53805-2
INFO:root:Failed to retrieve protein information.
INFO:root:Error: 404 Client Error: Not Found for url: https://alphafold.ebi.ac.uk/api/prediction/NP_001076191
INFO:root:Failed to retrieve protein information.
INFO:root:Error: 404 Client Error: Not Found for url: https://alphafold.ebi.ac.uk/api/prediction/Q9Z329
INFO:root:Failed to retrieve protein information.
INFO:root:Error: 404 Client Error: Not Found for url: https://alphafold.ebi.ac.uk/api/prediction/P26599-1
INFO:root:Failed to retrieve protein information.
INFO:root:Error: 404 Client Error: Not Found for url: https://alphafold.ebi.ac.uk/api/prediction/P27699-2
INFO:root:Failed to retrieve protein information.
INFO:root:Error: 404 Client Error: Not Found for url: https://alphafold.ebi.ac.uk/api/prediction/O43665-1
INFO:root:Failed to retrieve protein information.
INFO:root:Error: 404 Client Error: Not Found for url: https://alphafold.ebi.ac.uk/api/prediction/P15924
INFO:root:Failed to retrieve protein information.
INFO:root:Error: 404 Client Error: Not Found for url: https://alphafold.ebi.ac.uk/api/prediction/Q15149
INFO:root:Failed to retrieve protein information.
INFO:root:Error: 404 Client Error: Not Found for url: https://alphafold.ebi.ac.uk/api/prediction/Q08460-2
INFO:root:Failed to retrieve protein information.
INFO:root:Error: 404 Client Error: Not Found for url: https://alphafold.ebi.ac.uk/api/prediction/P49023-2
INFO:root:Failed to retrieve protein information.
INFO:root:Error: 404 Client Error: Not Found for url: https://alphafold.ebi.ac.uk/api/prediction/O75030-9
INFO:root:Failed to retrieve protein information.
INFO:root:Error: 404 Client Error: Not Found for url: https://alphafold.ebi.ac.uk/api/prediction/O43561-2
INFO:root:Failed to retrieve protein information.
INFO:root:Error: 404 Client Error: Not Found for url: https://alphafold.ebi.ac.uk/api/prediction/Q01196-8
INFO:root:Failed to retrieve protein information.
INFO:root:Error: 404 Client Error: Not Found for url: https://alphafold.ebi.ac.uk/api/prediction/P29590-4
INFO:root:Failed to retrieve protein information.
INFO:root:Error: 404 Client Error: Not Found for url: https://alphafold.ebi.ac.uk/api/prediction/Q92974-2
INFO:root:Failed to retrieve protein information.
INFO:root:Error: 404 Client Error: Not Found for url: https://alphafold.ebi.ac.uk/api/prediction/P11531
INFO:root:Failed to retrieve protein information.
INFO:root:Error: 404 Client Error: Not Found for url: https://alphafold.ebi.ac.uk/api/prediction/Q05682-4
INFO:root:Failed to retrieve protein information.
INFO:root:Error: 404 Client Error: Not Found for url: https://alphafold.ebi.ac.uk/api/prediction/P78347-2
INFO:root:Failed to retrieve protein information.
INFO:root:Error: 404 Client Error: Not Found for url: https://alphafold.ebi.ac.uk/api/prediction/Q62132-2
INFO:root:Failed to retrieve protein information.
INFO:root:Error: 404 Client Error: Not Found for url: https://alphafold.ebi.ac.uk/api/prediction/NP_776683
INFO:root:Failed to retrieve protein information.
INFO:root:Error: 404 Client Error: Not Found for url: https://alphafold.ebi.ac.uk/api/prediction/Q8BTI8
INFO:root:Failed to retrieve protein information.
INFO:root:Error: 404 Client Error: Not Found for url: https://alphafold.ebi.ac.uk/api/prediction/Q6U1J6
INFO:root:Failed to retrieve protein information.
INFO:root:Error: 404 Client Error: Not Found for url: https://alphafold.ebi.ac.uk/api/prediction/O60504-2
INFO:root:Failed to retrieve protein information.
INFO:root:Error: 404 Client Error: Not Found for url: https://alphafold.ebi.ac.uk/api/prediction/Q08775-5
INFO:root:Failed to retrieve protein information.
INFO:root:Error: 404 Client Error: Not Found for url: https://alphafold.ebi.ac.uk/api/prediction/Q8TDC3-2
INFO:root:Failed to retrieve protein information.
INFO:root:Error: 404 Client Error: Not Found for url: https://alphafold.ebi.ac.uk/api/prediction/Q02880-2
INFO:root:Failed to retrieve protein information.
INFO:root:Error: 404 Client Error: Not Found for url: https://alphafold.ebi.ac.uk/api/prediction/Q64122
INFO:root:Failed to retrieve protein information.
INFO:root:Error: 404 Client Error: Not Found for url: https://alphafold.ebi.ac.uk/api/prediction/P45983-2
INFO:root:Failed to retrieve protein information.
INFO:root:Error: 404 Client Error: Not Found for url: https://alphafold.ebi.ac.uk/api/prediction/P53779-2
INFO:root:Failed to retrieve protein information.
INFO:root:Error: 404 Client Error: Not Found for url: https://alphafold.ebi.ac.uk/api/prediction/P12023-2
INFO:root:Failed to retrieve protein information.
INFO:root:Error: 404 Client Error: Not Found for url: https://alphafold.ebi.ac.uk/api/prediction/P29353-3
INFO:root:Failed to retrieve protein information.
INFO:root:Error: 404 Client Error: Not Found for url: https://alphafold.ebi.ac.uk/api/prediction/P05480-1
INFO:root:Failed to retrieve protein information.
INFO:root:Error: 404 Client Error: Not Found for url: https://alphafold.ebi.ac.uk/api/prediction/P46934-4
INFO:root:Failed to retrieve protein information.
INFO:root:Error: 404 Client Error: Not Found for url: https://alphafold.ebi.ac.uk/api/prediction/P15529-4
INFO:root:Failed to retrieve protein information.
INFO:root:Error: 404 Client Error: Not Found for url: https://alphafold.ebi.ac.uk/api/prediction/Q15642-3
INFO:root:Failed to retrieve protein information.
INFO:root:Error: 404 Client Error: Not Found for url: https://alphafold.ebi.ac.uk/api/prediction/P46937-3
INFO:root:Failed to retrieve protein information.
INFO:root:Error: 404 Client Error: Not Found for url: https://alphafold.ebi.ac.uk/api/prediction/Q80YE4-2
INFO:root:Failed to retrieve protein information.
INFO:root:Error: 404 Client Error: Not Found for url: https://alphafold.ebi.ac.uk/api/prediction/P98175-2
INFO:root:Failed to retrieve protein information.
INFO:root:Error: 404 Client Error: Not Found for url: https://alphafold.ebi.ac.uk/api/prediction/Q92529-2
INFO:root:Failed to retrieve protein information.
INFO:root:Error: 404 Client Error: Not Found for url: https://alphafold.ebi.ac.uk/api/prediction/Q13642-1
INFO:root:Failed to retrieve protein information.
INFO:root:Error: 404 Client Error: Not Found for url: https://alphafold.ebi.ac.uk/api/prediction/P06396-3
INFO:root:Failed to retrieve protein information.
INFO:root:Error: 404 Client Error: Not Found for url: https://alphafold.ebi.ac.uk/api/prediction/P00519-2
INFO:root:Failed to retrieve protein information.
INFO:root:Error: 404 Client Error: Not Found for url: https://alphafold.ebi.ac.uk/api/prediction/Q792H5-3
INFO:root:Failed to retrieve protein information.
INFO:root:Error: 404 Client Error: Not Found for url: https://alphafold.ebi.ac.uk/api/prediction/Q14790-4
INFO:root:Failed to retrieve protein information.
INFO:root:Error: 404 Client Error: Not Found for url: https://alphafold.ebi.ac.uk/api/prediction/P51792-2
INFO:root:Failed to retrieve protein information.
INFO:root:Error: 404 Client Error: Not Found for url: https://alphafold.ebi.ac.uk/api/prediction/Q62417-5
INFO:root:Failed to retrieve protein information.
INFO:root:Error: 404 Client Error: Not Found for url: https://alphafold.ebi.ac.uk/api/prediction/P60953-1
INFO:root:Failed to retrieve protein information.
INFO:root:Error: 404 Client Error: Not Found for url: https://alphafold.ebi.ac.uk/api/prediction/Q8IXH7-4
INFO:root:Failed to retrieve protein information.
INFO:root:Error: 404 Client Error: Not Found for url: https://alphafold.ebi.ac.uk/api/prediction/Q14155-1
INFO:root:Failed to retrieve protein information.
INFO:root:Error: 404 Client Error: Not Found for url: https://alphafold.ebi.ac.uk/api/prediction/Q9NR80-3
INFO:root:Failed to retrieve protein information.
INFO:root:Error: 404 Client Error: Not Found for url: https://alphafold.ebi.ac.uk/api/prediction/P45984-2
INFO:root:Failed to retrieve protein information.
INFO:root:Error: 404 Client Error: Not Found for url: https://alphafold.ebi.ac.uk/api/prediction/P49842-1
INFO:root:Failed to retrieve protein information.
INFO:root:Error: 404 Client Error: Not Found for url: https://alphafold.ebi.ac.uk/api/prediction/P09038-2
INFO:root:Failed to retrieve protein information.
INFO:root:Error: 404 Client Error: Not Found for url: https://alphafold.ebi.ac.uk/api/prediction/Q14135-4
INFO:root:Failed to retrieve protein information.
INFO:root:Error: 404 Client Error: Not Found for url: https://alphafold.ebi.ac.uk/api/prediction/Q14643
INFO:root:Failed to retrieve protein information.
INFO:root:Error: 404 Client Error: Not Found for url: https://alphafold.ebi.ac.uk/api/prediction/P11171-2
INFO:root:Failed to retrieve protein information.
INFO:root:Error: 404 Client Error: Not Found for url: https://alphafold.ebi.ac.uk/api/prediction/Q5VWQ8-2
INFO:root:Failed to retrieve protein information.
INFO:root:Error: 404 Client Error: Not Found for url: https://alphafold.ebi.ac.uk/api/prediction/P33316-2
INFO:root:Failed to retrieve protein information.
INFO:root:Error: 404 Client Error: Not Found for url: https://alphafold.ebi.ac.uk/api/prediction/Q5BJF6-3
INFO:root:Failed to retrieve protein information.
INFO:root:Error: 404 Client Error: Not Found for url: https://alphafold.ebi.ac.uk/api/prediction/P30305-2
INFO:root:Failed to retrieve protein information.
INFO:root:Error: 404 Client Error: Not Found for url: https://alphafold.ebi.ac.uk/api/prediction/F1LW91
INFO:root:Failed to retrieve protein information.
INFO:root:Error: 404 Client Error: Not Found for url: https://alphafold.ebi.ac.uk/api/prediction/P52948-2
INFO:root:Failed to retrieve protein information.
INFO:root:Error: 404 Client Error: Not Found for url: https://alphafold.ebi.ac.uk/api/prediction/NP_001178533
INFO:root:Failed to retrieve protein information.
INFO:root:Error: 404 Client Error: Not Found for url: https://alphafold.ebi.ac.uk/api/prediction/O43521-2
INFO:root:Failed to retrieve protein information.
INFO:root:Error: 404 Client Error: Not Found for url: https://alphafold.ebi.ac.uk/api/prediction/P51587
INFO:root:Failed to retrieve protein information.
INFO:root:Error: 404 Client Error: Not Found for url: https://alphafold.ebi.ac.uk/api/prediction/Q09666
INFO:root:Failed to retrieve protein information.
INFO:root:Error: 404 Client Error: Not Found for url: https://alphafold.ebi.ac.uk/api/prediction/Q08050-2
INFO:root:Failed to retrieve protein information.
INFO:root:Error: 404 Client Error: Not Found for url: https://alphafold.ebi.ac.uk/api/prediction/O94901-9
INFO:root:Failed to retrieve protein information.
INFO:root:Error: 404 Client Error: Not Found for url: https://alphafold.ebi.ac.uk/api/prediction/Q9UHD8-2
INFO:root:Failed to retrieve protein information.
INFO:root:Error: 404 Client Error: Not Found for url: https://alphafold.ebi.ac.uk/api/prediction/P17706-2
INFO:root:Failed to retrieve protein information.
INFO:root:Error: 404 Client Error: Not Found for url: https://alphafold.ebi.ac.uk/api/prediction/Q9JK11-2
INFO:root:Failed to retrieve protein information.
INFO:root:Error: 404 Client Error: Not Found for url: https://alphafold.ebi.ac.uk/api/prediction/NP_001099740
INFO:root:Failed to retrieve protein information.
INFO:root:Error: 404 Client Error: Not Found for url: https://alphafold.ebi.ac.uk/api/prediction/P27361-3
INFO:root:Failed to retrieve protein information.
INFO:root:Error: 404 Client Error: Not Found for url: https://alphafold.ebi.ac.uk/api/prediction/P29692-2
INFO:root:Failed to retrieve protein information.
INFO:root:Error: 404 Client Error: Not Found for url: https://alphafold.ebi.ac.uk/api/prediction/Q13976-2
INFO:root:Failed to retrieve protein information.
INFO:root:Error: 404 Client Error: Not Found for url: https://alphafold.ebi.ac.uk/api/prediction/P29590-3
INFO:root:Failed to retrieve protein information.
INFO:root:Error: 404 Client Error: Not Found for url: https://alphafold.ebi.ac.uk/api/prediction/O60673
INFO:root:Failed to retrieve protein information.
INFO:root:Error: 404 Client Error: Not Found for url: https://alphafold.ebi.ac.uk/api/prediction/Q08289-2
INFO:root:Failed to retrieve protein information.
INFO:root:Error: 404 Client Error: Not Found for url: https://alphafold.ebi.ac.uk/api/prediction/P13688-8
INFO:root:Failed to retrieve protein information.
INFO:root:Error: 404 Client Error: Not Found for url: https://alphafold.ebi.ac.uk/api/prediction/P30622-2
INFO:root:Failed to retrieve protein information.
INFO:root:Error: 404 Client Error: Not Found for url: https://alphafold.ebi.ac.uk/api/prediction/P78527
INFO:root:Failed to retrieve protein information.
INFO:root:Error: 404 Client Error: Not Found for url: https://alphafold.ebi.ac.uk/api/prediction/Q00839-2
INFO:root:Failed to retrieve protein information.
INFO:root:Error: 404 Client Error: Not Found for url: https://alphafold.ebi.ac.uk/api/prediction/Q96Q15
INFO:root:Failed to retrieve protein information.
INFO:root:Error: 404 Client Error: Not Found for url: https://alphafold.ebi.ac.uk/api/prediction/Q9UBF8-2
INFO:root:Failed to retrieve protein information.
INFO:root:Error: 404 Client Error: Not Found for url: https://alphafold.ebi.ac.uk/api/prediction/Q9BST9-2
INFO:root:Failed to retrieve protein information.
INFO:root:Error: 404 Client Error: Not Found for url: https://alphafold.ebi.ac.uk/api/prediction/P16144-2
INFO:root:Failed to retrieve protein information.
INFO:root:Error: 404 Client Error: Not Found for url: https://alphafold.ebi.ac.uk/api/prediction/P16220-1
INFO:root:Failed to retrieve protein information.
INFO:root:Error: 404 Client Error: Not Found for url: https://alphafold.ebi.ac.uk/api/prediction/P02686-5
INFO:root:Failed to retrieve protein information.
INFO:root:Error: 404 Client Error: Not Found for url: https://alphafold.ebi.ac.uk/api/prediction/Q13557-8
INFO:root:Failed to retrieve protein information.
INFO:root:Error: 404 Client Error: Not Found for url: https://alphafold.ebi.ac.uk/api/prediction/Q155Q3-2
INFO:root:Failed to retrieve protein information.
INFO:root:Error: 404 Client Error: Not Found for url: https://alphafold.ebi.ac.uk/api/prediction/Q6WKZ4-3
INFO:root:Failed to retrieve protein information.
INFO:root:Error: 404 Client Error: Not Found for url: https://alphafold.ebi.ac.uk/api/prediction/P46939
INFO:root:Failed to retrieve protein information.
INFO:root:Error: 404 Client Error: Not Found for url: https://alphafold.ebi.ac.uk/api/prediction/Q9QX74-7
INFO:root:Failed to retrieve protein information.
INFO:root:Error: 404 Client Error: Not Found for url: https://alphafold.ebi.ac.uk/api/prediction/O14686-3
INFO:root:Failed to retrieve protein information.
INFO:root:Error: 404 Client Error: Not Found for url: https://alphafold.ebi.ac.uk/api/prediction/O94875-2
INFO:root:Failed to retrieve protein information.
INFO:root:Error: 404 Client Error: Not Found for url: https://alphafold.ebi.ac.uk/api/prediction/NP_001005762
INFO:root:Failed to retrieve protein information.
INFO:root:Error: 404 Client Error: Not Found for url: https://alphafold.ebi.ac.uk/api/prediction/P07203
INFO:root:Failed to retrieve protein information.
INFO:root:Error: 404 Client Error: Not Found for url: https://alphafold.ebi.ac.uk/api/prediction/Q9UPN3
INFO:root:Failed to retrieve protein information.
INFO:root:Error: 404 Client Error: Not Found for url: https://alphafold.ebi.ac.uk/api/prediction/P06401-2
INFO:root:Failed to retrieve protein information.
INFO:root:Error: 404 Client Error: Not Found for url: https://alphafold.ebi.ac.uk/api/prediction/P10636-3
INFO:root:Failed to retrieve protein information.
INFO:root:Error: 404 Client Error: Not Found for url: https://alphafold.ebi.ac.uk/api/prediction/P19544-7
INFO:root:Failed to retrieve protein information.
INFO:root:Error: 404 Client Error: Not Found for url: https://alphafold.ebi.ac.uk/api/prediction/O43602-2
INFO:root:Failed to retrieve protein information.
INFO:root:Error: 404 Client Error: Not Found for url: https://alphafold.ebi.ac.uk/api/prediction/Q5T8D3-2
INFO:root:Failed to retrieve protein information.
INFO:root:Error: 404 Client Error: Not Found for url: https://alphafold.ebi.ac.uk/api/prediction/O15033-2
INFO:root:Failed to retrieve protein information.
INFO:root:Error: 404 Client Error: Not Found for url: https://alphafold.ebi.ac.uk/api/prediction/P45983-3
INFO:root:Failed to retrieve protein information.
INFO:root:Error: 404 Client Error: Not Found for url: https://alphafold.ebi.ac.uk/api/prediction/Q9HBY8-1
INFO:root:Failed to retrieve protein information.
INFO:root:Error: 404 Client Error: Not Found for url: https://alphafold.ebi.ac.uk/api/prediction/P23443-2
INFO:root:Failed to retrieve protein information.
INFO:root:Error: 404 Client Error: Not Found for url: https://alphafold.ebi.ac.uk/api/prediction/Q9WTN3-4
INFO:root:Failed to retrieve protein information.
INFO:root:Error: 404 Client Error: Not Found for url: https://alphafold.ebi.ac.uk/api/prediction/Q08874-8
INFO:root:Failed to retrieve protein information.
INFO:root:Error: 404 Client Error: Not Found for url: https://alphafold.ebi.ac.uk/api/prediction/E1BUH4
INFO:root:Failed to retrieve protein information.
INFO:root:Error: 404 Client Error: Not Found for url: https://alphafold.ebi.ac.uk/api/prediction/Q06413-3
INFO:root:Failed to retrieve protein information.
INFO:root:Error: 404 Client Error: Not Found for url: https://alphafold.ebi.ac.uk/api/prediction/Q9C026-5
INFO:root:Failed to retrieve protein information.
INFO:root:Error: 404 Client Error: Not Found for url: https://alphafold.ebi.ac.uk/api/prediction/P49919-2
INFO:root:Failed to retrieve protein information.
INFO:root:Error: 404 Client Error: Not Found for url: https://alphafold.ebi.ac.uk/api/prediction/Q9JLS3-2
INFO:root:Failed to retrieve protein information.
INFO:root:Error: 404 Client Error: Not Found for url: https://alphafold.ebi.ac.uk/api/prediction/P51450-2
INFO:root:Failed to retrieve protein information.
INFO:root:Error: 404 Client Error: Not Found for url: https://alphafold.ebi.ac.uk/api/prediction/Q86VP1-2
INFO:root:Failed to retrieve protein information.
INFO:root:Error: 404 Client Error: Not Found for url: https://alphafold.ebi.ac.uk/api/prediction/P15146-2
INFO:root:Failed to retrieve protein information.
INFO:root:Error: 404 Client Error: Not Found for url: https://alphafold.ebi.ac.uk/api/prediction/Q8IXJ6-2
INFO:root:Failed to retrieve protein information.
INFO:root:Error: 404 Client Error: Not Found for url: https://alphafold.ebi.ac.uk/api/prediction/P37242-2
INFO:root:Failed to retrieve protein information.
INFO:root:Error: 404 Client Error: Not Found for url: https://alphafold.ebi.ac.uk/api/prediction/O60504_VAR_055019
INFO:root:Failed to retrieve protein information.
INFO:root:Error: 404 Client Error: Not Found for url: https://alphafold.ebi.ac.uk/api/prediction/Q5TZA2-2
INFO:root:Failed to retrieve protein information.
INFO:root:Error: 404 Client Error: Not Found for url: https://alphafold.ebi.ac.uk/api/prediction/O14686
INFO:root:Failed to retrieve protein information.
INFO:root:Error: 404 Client Error: Not Found for url: https://alphafold.ebi.ac.uk/api/prediction/Q96T88-2
INFO:root:Failed to retrieve protein information.
INFO:root:Error: 404 Client Error: Not Found for url: https://alphafold.ebi.ac.uk/api/prediction/Q13507-3
INFO:root:Failed to retrieve protein information.
INFO:root:Error: 404 Client Error: Not Found for url: https://alphafold.ebi.ac.uk/api/prediction/NP_001104263
INFO:root:Failed to retrieve protein information.
INFO:root:Error: 404 Client Error: Not Found for url: https://alphafold.ebi.ac.uk/api/prediction/P13591-1
INFO:root:Failed to retrieve protein information.
INFO:root:Error: 404 Client Error: Not Found for url: https://alphafold.ebi.ac.uk/api/prediction/Q02224
INFO:root:Failed to retrieve protein information.
INFO:root:Error: 404 Client Error: Not Found for url: https://alphafold.ebi.ac.uk/api/prediction/Q08499-5
INFO:root:Failed to retrieve protein information.
INFO:root:Error: 404 Client Error: Not Found for url: https://alphafold.ebi.ac.uk/api/prediction/P15923-2
INFO:root:Failed to retrieve protein information.
INFO:root:Error: 404 Client Error: Not Found for url: https://alphafold.ebi.ac.uk/api/prediction/Q08499-4
INFO:root:Failed to retrieve protein information.
INFO:root:Error: 404 Client Error: Not Found for url: https://alphafold.ebi.ac.uk/api/prediction/P35398-4
INFO:root:Failed to retrieve protein information.
INFO:root:Error: 404 Client Error: Not Found for url: https://alphafold.ebi.ac.uk/api/prediction/Q07343-2
INFO:root:Failed to retrieve protein information.
INFO:root:Error: 404 Client Error: Not Found for url: https://alphafold.ebi.ac.uk/api/prediction/P49841-2
INFO:root:Failed to retrieve protein information.
INFO:root:Error: 404 Client Error: Not Found for url: https://alphafold.ebi.ac.uk/api/prediction/P17612-2
INFO:root:Failed to retrieve protein information.
INFO:root:Error: 404 Client Error: Not Found for url: https://alphafold.ebi.ac.uk/api/prediction/NP_001103022
INFO:root:Failed to retrieve protein information.
INFO:root:Error: 404 Client Error: Not Found for url: https://alphafold.ebi.ac.uk/api/prediction/O60229
INFO:root:Failed to retrieve protein information.
INFO:root:Error: 404 Client Error: Not Found for url: https://alphafold.ebi.ac.uk/api/prediction/Q9QUH6-3
INFO:root:Failed to retrieve protein information.
INFO:root:Error: 404 Client Error: Not Found for url: https://alphafold.ebi.ac.uk/api/prediction/O95613
INFO:root:Failed to retrieve protein information.
INFO:root:Error: 404 Client Error: Not Found for url: https://alphafold.ebi.ac.uk/api/prediction/Q8NG31-2
INFO:root:Failed to retrieve protein information.
INFO:root:Error: 404 Client Error: Not Found for url: https://alphafold.ebi.ac.uk/api/prediction/AAC50053
INFO:root:Failed to retrieve protein information.
INFO:root:Error: 404 Client Error: Not Found for url: https://alphafold.ebi.ac.uk/api/prediction/O35161
INFO:root:Failed to retrieve protein information.
INFO:root:Error: 404 Client Error: Not Found for url: https://alphafold.ebi.ac.uk/api/prediction/Q17RH5
INFO:root:Failed to retrieve protein information.
INFO:root:Error: 404 Client Error: Not Found for url: https://alphafold.ebi.ac.uk/api/prediction/Q9H2D6-5
INFO:root:Failed to retrieve protein information.
INFO:root:Error: 404 Client Error: Not Found for url: https://alphafold.ebi.ac.uk/api/prediction/Q58A65-2
INFO:root:Failed to retrieve protein information.
INFO:root:Error: 404 Client Error: Not Found for url: https://alphafold.ebi.ac.uk/api/prediction/P05067-4
INFO:root:Failed to retrieve protein information.
INFO:root:Error: 404 Client Error: Not Found for url: https://alphafold.ebi.ac.uk/api/prediction/NP_001184222
INFO:root:Failed to retrieve protein information.
INFO:root:Error: 404 Client Error: Not Found for url: https://alphafold.ebi.ac.uk/api/prediction/A2CG49
INFO:root:Failed to retrieve protein information.
INFO:root:Error: 404 Client Error: Not Found for url: https://alphafold.ebi.ac.uk/api/prediction/P28740-1
INFO:root:Failed to retrieve protein information.
INFO:root:Error: 404 Client Error: Not Found for url: https://alphafold.ebi.ac.uk/api/prediction/Q16643-3
INFO:root:Failed to retrieve protein information.
INFO:root:Error: 404 Client Error: Not Found for url: https://alphafold.ebi.ac.uk/api/prediction/Q13315
INFO:root:Failed to retrieve protein information.
INFO:root:Error: 404 Client Error: Not Found for url: https://alphafold.ebi.ac.uk/api/prediction/P37231-2
INFO:root:Failed to retrieve protein information.
INFO:root:Error: 404 Client Error: Not Found for url: https://alphafold.ebi.ac.uk/api/prediction/Q99490-2
INFO:root:Failed to retrieve protein information.
INFO:root:Error: 404 Client Error: Not Found for url: https://alphafold.ebi.ac.uk/api/prediction/P97318-2
INFO:root:Failed to retrieve protein information.
INFO:root:Error: 404 Client Error: Not Found for url: https://alphafold.ebi.ac.uk/api/prediction/P51111
INFO:root:Failed to retrieve protein information.
INFO:root:Error: 404 Client Error: Not Found for url: https://alphafold.ebi.ac.uk/api/prediction/Q70AM4
INFO:root:Failed to retrieve protein information.
INFO:root:Error: 404 Client Error: Not Found for url: https://alphafold.ebi.ac.uk/api/prediction/Q99719-2
INFO:root:Failed to retrieve protein information.
INFO:root:Error: 404 Client Error: Not Found for url: https://alphafold.ebi.ac.uk/api/prediction/P53367-2
INFO:root:Failed to retrieve protein information.
INFO:root:Error: 404 Client Error: Not Found for url: https://alphafold.ebi.ac.uk/api/prediction/O15079-2
INFO:root:Failed to retrieve protein information.
INFO:root:Error: 404 Client Error: Not Found for url: https://alphafold.ebi.ac.uk/api/prediction/Q9ULA0-2
INFO:root:Failed to retrieve protein information.
INFO:root:Error: 404 Client Error: Not Found for url: https://alphafold.ebi.ac.uk/api/prediction/P58400-1
INFO:root:Failed to retrieve protein information.
INFO:root:Error: 404 Client Error: Not Found for url: https://alphafold.ebi.ac.uk/api/prediction/P14618-2
INFO:root:Failed to retrieve protein information.
INFO:root:Error: 404 Client Error: Not Found for url: https://alphafold.ebi.ac.uk/api/prediction/P23634-6
INFO:root:Failed to retrieve protein information.
INFO:root:Error: 404 Client Error: Not Found for url: https://alphafold.ebi.ac.uk/api/prediction/O75962
INFO:root:Failed to retrieve protein information.
INFO:root:Error: 404 Client Error: Not Found for url: https://alphafold.ebi.ac.uk/api/prediction/P56211-2
INFO:root:Failed to retrieve protein information.
INFO:root:Error: 404 Client Error: Not Found for url: https://alphafold.ebi.ac.uk/api/prediction/O95071
INFO:root:Failed to retrieve protein information.
INFO:root:Error: 404 Client Error: Not Found for url: https://alphafold.ebi.ac.uk/api/prediction/O95398-3
INFO:root:Failed to retrieve protein information.
INFO:root:Error: 404 Client Error: Not Found for url: https://alphafold.ebi.ac.uk/api/prediction/AAA58698
INFO:root:Failed to retrieve protein information.
INFO:root:Error: 404 Client Error: Not Found for url: https://alphafold.ebi.ac.uk/api/prediction/Q5T4S7
INFO:root:Failed to retrieve protein information.
INFO:root:Error: 404 Client Error: Not Found for url: https://alphafold.ebi.ac.uk/api/prediction/P35613-2
INFO:root:Failed to retrieve protein information.
INFO:root:Error: 404 Client Error: Not Found for url: https://alphafold.ebi.ac.uk/api/prediction/Q92630-2
INFO:root:Failed to retrieve protein information.
INFO:root:Error: 404 Client Error: Not Found for url: https://alphafold.ebi.ac.uk/api/prediction/O94925-3
INFO:root:Failed to retrieve protein information.
INFO:root:Error: 404 Client Error: Not Found for url: https://alphafold.ebi.ac.uk/api/prediction/Q03164
INFO:root:Failed to retrieve protein information.
INFO:root:Error: 404 Client Error: Not Found for url: https://alphafold.ebi.ac.uk/api/prediction/Q7Z6Z7
INFO:root:Failed to retrieve protein information.
INFO:root:Error: 404 Client Error: Not Found for url: https://alphafold.ebi.ac.uk/api/prediction/P06213-2
INFO:root:Failed to retrieve protein information.
INFO:root:Error: 404 Client Error: Not Found for url: https://alphafold.ebi.ac.uk/api/prediction/O00255-1
INFO:root:Failed to retrieve protein information.
INFO:root:Error: 404 Client Error: Not Found for url: https://alphafold.ebi.ac.uk/api/prediction/Q6KC79
INFO:root:Failed to retrieve protein information.
INFO:root:Error: 404 Client Error: Not Found for url: https://alphafold.ebi.ac.uk/api/prediction/Q15910-2
INFO:root:Failed to retrieve protein information.
INFO:root:Error: 404 Client Error: Not Found for url: https://alphafold.ebi.ac.uk/api/prediction/Q70CQ2
INFO:root:Failed to retrieve protein information.
INFO:root:Error: 404 Client Error: Not Found for url: https://alphafold.ebi.ac.uk/api/prediction/D4ACL8
INFO:root:Failed to retrieve protein information.
INFO:root:Error: 404 Client Error: Not Found for url: https://alphafold.ebi.ac.uk/api/prediction/Q96J02-2
INFO:root:Failed to retrieve protein information.
INFO:root:Error: 404 Client Error: Not Found for url: https://alphafold.ebi.ac.uk/api/prediction/P04629-2
INFO:root:Failed to retrieve protein information.
INFO:root:Error: 404 Client Error: Not Found for url: https://alphafold.ebi.ac.uk/api/prediction/ABR15760
INFO:root:Failed to retrieve protein information.
INFO:root:Error: 404 Client Error: Not Found for url: https://alphafold.ebi.ac.uk/api/prediction/P11137-3
INFO:root:Failed to retrieve protein information.
INFO:root:Error: 404 Client Error: Not Found for url: https://alphafold.ebi.ac.uk/api/prediction/O14522-1
INFO:root:Failed to retrieve protein information.
INFO:root:Error: 404 Client Error: Not Found for url: https://alphafold.ebi.ac.uk/api/prediction/F1M0Z1
INFO:root:Failed to retrieve protein information.
INFO:root:Error: 404 Client Error: Not Found for url: https://alphafold.ebi.ac.uk/api/prediction/Q5NUL3-1
INFO:root:Failed to retrieve protein information.
INFO:root:Error: 404 Client Error: Not Found for url: https://alphafold.ebi.ac.uk/api/prediction/Q8VHX6
INFO:root:Failed to retrieve protein information.
INFO:root:Error: 404 Client Error: Not Found for url: https://alphafold.ebi.ac.uk/api/prediction/Q14315
INFO:root:Failed to retrieve protein information.
INFO:root:Error: 404 Client Error: Not Found for url: https://alphafold.ebi.ac.uk/api/prediction/E2RGF3
INFO:root:Failed to retrieve protein information.
INFO:root:Error: 404 Client Error: Not Found for url: https://alphafold.ebi.ac.uk/api/prediction/P31424-2
INFO:root:Failed to retrieve protein information.
INFO:root:Error: 404 Client Error: Not Found for url: https://alphafold.ebi.ac.uk/api/prediction/P11171-4
INFO:root:Failed to retrieve protein information.
INFO:root:Error: 404 Client Error: Not Found for url: https://alphafold.ebi.ac.uk/api/prediction/A6HYF4
INFO:root:Failed to retrieve protein information.
INFO:root:Error: 404 Client Error: Not Found for url: https://alphafold.ebi.ac.uk/api/prediction/Q03173-4
INFO:root:Failed to retrieve protein information.
INFO:root:Error: 404 Client Error: Not Found for url: https://alphafold.ebi.ac.uk/api/prediction/Q8NFA2-3
INFO:root:Failed to retrieve protein information.
INFO:root:Error: 404 Client Error: Not Found for url: https://alphafold.ebi.ac.uk/api/prediction/AAB24204
INFO:root:Failed to retrieve protein information.
INFO:root:Error: 404 Client Error: Not Found for url: https://alphafold.ebi.ac.uk/api/prediction/Q96RI1-2
INFO:root:Failed to retrieve protein information.
INFO:root:Error: 404 Client Error: Not Found for url: https://alphafold.ebi.ac.uk/api/prediction/O94759-3
INFO:root:Failed to retrieve protein information.
INFO:root:Error: 404 Client Error: Not Found for url: https://alphafold.ebi.ac.uk/api/prediction/P21359-2
INFO:root:Failed to retrieve protein information.
INFO:root:Error: 404 Client Error: Not Found for url: https://alphafold.ebi.ac.uk/api/prediction/Q96PY5-3
INFO:root:Failed to retrieve protein information.
INFO:root:Error: 404 Client Error: Not Found for url: https://alphafold.ebi.ac.uk/api/prediction/O15519-2
INFO:root:Failed to retrieve protein information.
INFO:root:Error: 404 Client Error: Not Found for url: https://alphafold.ebi.ac.uk/api/prediction/AAB24205
INFO:root:Failed to retrieve protein information.
INFO:root:Error: 404 Client Error: Not Found for url: https://alphafold.ebi.ac.uk/api/prediction/P11309-2
INFO:root:Failed to retrieve protein information.
INFO:root:Error: 404 Client Error: Not Found for url: https://alphafold.ebi.ac.uk/api/prediction/Q15858-3
INFO:root:Failed to retrieve protein information.
INFO:root:Error: 404 Client Error: Not Found for url: https://alphafold.ebi.ac.uk/api/prediction/P42859
INFO:root:Failed to retrieve protein information.
INFO:root:Error: 404 Client Error: Not Found for url: https://alphafold.ebi.ac.uk/api/prediction/Q02241-2
INFO:root:Failed to retrieve protein information.
INFO:root:Error: 404 Client Error: Not Found for url: https://alphafold.ebi.ac.uk/api/prediction/P47756-1
INFO:root:Failed to retrieve protein information.
INFO:root:Error: 404 Client Error: Not Found for url: https://alphafold.ebi.ac.uk/api/prediction/NP_001100737
INFO:root:Failed to retrieve protein information.
INFO:root:Error: 404 Client Error: Not Found for url: https://alphafold.ebi.ac.uk/api/prediction/P04275
INFO:root:Failed to retrieve protein information.
INFO:root:Error: 404 Client Error: Not Found for url: https://alphafold.ebi.ac.uk/api/prediction/Q9UQ88-10
INFO:root:Failed to retrieve protein information.
INFO:root:Error: 404 Client Error: Not Found for url: https://alphafold.ebi.ac.uk/api/prediction/P21127-12
INFO:root:Failed to retrieve protein information.
INFO:root:Error: 404 Client Error: Not Found for url: https://alphafold.ebi.ac.uk/api/prediction/Q6JBI6
INFO:root:Failed to retrieve protein information.
INFO:root:Error: 404 Client Error: Not Found for url: https://alphafold.ebi.ac.uk/api/prediction/Q92908-2
INFO:root:Failed to retrieve protein information.
INFO:root:Error: 404 Client Error: Not Found for url: https://alphafold.ebi.ac.uk/api/prediction/P01106-1
INFO:root:Failed to retrieve protein information.
INFO:root:Error: 404 Client Error: Not Found for url: https://alphafold.ebi.ac.uk/api/prediction/P49757-3
INFO:root:Failed to retrieve protein information.
INFO:root:Error: 404 Client Error: Not Found for url: https://alphafold.ebi.ac.uk/api/prediction/Q15831-2
INFO:root:Failed to retrieve protein information.
INFO:root:Error: 404 Client Error: Not Found for url: https://alphafold.ebi.ac.uk/api/prediction/Q9Z1T6-1
INFO:root:Failed to retrieve protein information.
INFO:root:Error: 404 Client Error: Not Found for url: https://alphafold.ebi.ac.uk/api/prediction/P18911-2
INFO:root:Failed to retrieve protein information.
INFO:root:Error: 404 Client Error: Not Found for url: https://alphafold.ebi.ac.uk/api/prediction/P15806-2
INFO:root:Failed to retrieve protein information.
INFO:root:Error: 404 Client Error: Not Found for url: https://alphafold.ebi.ac.uk/api/prediction/Q9H4X1-2
INFO:root:Failed to retrieve protein information.
INFO:root:Error: 404 Client Error: Not Found for url: https://alphafold.ebi.ac.uk/api/prediction/Q12809_VAR_014388
INFO:root:Failed to retrieve protein information.
